This file contains any messages produced by compilers while
running configure, to aid debugging if configure makes a mistake.

configure:566: checking for a BSD compatible install
configure:619: checking whether build environment is sane
configure:676: checking whether make sets ${MAKE}
configure:722: checking for working aclocal
configure:735: checking for working autoconf
configure:748: checking for working automake
configure:761: checking for working autoheader
configure:774: checking for working makeinfo
configure:863: checking host system type
configure:884: checking build system type
configure:904: checking for ranlib
configure:934: checking for gcc
configure:1047: checking whether the C compiler (gcc  ) works
configure:1063: gcc -o conftest    conftest.c  1>&5
configure:1089: checking whether the C compiler (gcc  ) is a cross-compiler
configure:1094: checking whether we are using GNU C
configure:1122: checking whether gcc accepts -g
configure:1165: checking for ld used by GCC
configure:1228: checking if the linker (/usr/bin/ld) is GNU ld
GNU ld version 2.19.51.0.14-3.fc11 20090722
configure:1244: checking for BSD-compatible nm
configure:1281: checking whether ln -s works
ltconfig:601: checking for object suffix
ltconfig:602: gcc -c -g -O2  conftest.c 1>&5
ltconfig:732: checking if gcc PIC flag -fPIC works
ltconfig:733: gcc -c -g -O2 -fPIC -DPIC  conftest.c 1>&5
ltconfig:785: checking if gcc supports -c -o file.o
ltconfig:786: gcc -c -g -O2 -o out/conftest2.o  conftest.c 1>&5
ltconfig:818: checking if gcc supports -c -o file.lo
ltconfig:819: gcc -c -g -O2 -c -o conftest.lo  conftest.c 1>&5
ltconfig:870: checking if gcc supports -fno-rtti -fno-exceptions
ltconfig:871: gcc -c -g -O2 -fno-rtti -fno-exceptions -c conftest.c  conftest.c 1>&5
ltconfig:914: checking if gcc static flag -static works
ltconfig:915: gcc -o conftest -g -O2   -static conftest.c  1>&5
/usr/bin/ld: cannot find -lc
collect2: ld returned 1 exit status
GNU ld version 2.19.51.0.14-3.fc11 20090722
ltconfig:1507: checking if global_symbol_pipe works
ltconfig:1508: gcc -c -g -O2  conftest.c 1>&5
ltconfig:1511: eval "/usr/bin/nm -B conftest.o | sed -n -e 's/^.*[ 	]\([ABCDGISTW]\)[ 	][ 	]*\(\)\([_A-Za-z][_A-Za-z0-9]*\)$/\1 \2\3 \3/p' > conftest.nm"
ltconfig:1563: gcc -o conftest -g -O2 -fno-builtin   conftest.c conftstm.o 1>&5
configure:1473: checking for a BSD compatible install
configure:1536: checking for gcc
configure:1649: checking whether the C compiler (gcc -g -O2 ) works
configure:1665: gcc -o conftest -g -O2   conftest.c  1>&5
configure:1691: checking whether the C compiler (gcc -g -O2 ) is a cross-compiler
configure:1696: checking whether we are using GNU C
configure:1724: checking whether gcc accepts -g
configure:1756: checking whether make sets ${MAKE}
configure:1784: checking how to run the C preprocessor
configure:1864: checking for ANSI C header files
configure:1972: checking for unistd.h
configure:1972: checking for netdb.h
configure:1982: gcc -E  conftest.c >/dev/null 2>conftest.out
configure:1972: checking for netinet/in.h
configure:1972: checking for sys/types.h
configure:1972: checking for sys/socket.h
configure:2014: checking for gethostbyname
configure:2042: gcc -o conftest -g -O2   conftest.c  1>&5
configure:2014: checking for socket
configure:2014: checking for htons
configure:2042: gcc -o conftest -g -O2   conftest.c  1>&5
configure:2014: checking for connect
configure:2042: gcc -o conftest -g -O2   conftest.c  1>&5
configure:2014: checking for shutdown
