This file contains any messages produced by compilers while
running configure, to aid debugging if configure makes a mistake.

configure:566: checking for a BSD compatible install
configure:619: checking whether build environment is sane
configure:676: checking whether make sets ${MAKE}
configure:722: checking for working aclocal
configure:735: checking for working autoconf
configure:748: checking for working automake
configure:761: checking for working autoheader
configure:774: checking for working makeinfo
configure:866: checking host system type
configure:887: checking build system type
configure:907: checking for ranlib
configure:937: checking for gcc
configure:1050: checking whether the C compiler (gcc  ) works
configure:1066: gcc -o conftest    conftest.c  1>&5
configure:1092: checking whether the C compiler (gcc  ) is a cross-compiler
configure:1097: checking whether we are using GNU C
configure:1125: checking whether gcc accepts -g
configure:1168: checking for ld used by GCC
configure:1231: checking if the linker (/usr/bin/ld) is GNU ld
configure:1247: checking for BSD-compatible nm
configure:1284: checking whether ln -s works
ltconfig:601: checking for object suffix
ltconfig:602: gcc -c -g -O2  conftest.c 1>&5
ltconfig:732: checking if gcc PIC flag -fPIC works
ltconfig:733: gcc -c -g -O2 -fPIC -DPIC  conftest.c 1>&5
ltconfig:785: checking if gcc supports -c -o file.o
ltconfig:786: gcc -c -g -O2 -o out/conftest2.o  conftest.c 1>&5
ltconfig:818: checking if gcc supports -c -o file.lo
ltconfig:819: gcc -c -g -O2 -c -o conftest.lo  conftest.c 1>&5
ltconfig:870: checking if gcc supports -fno-rtti -fno-exceptions
ltconfig:871: gcc -c -g -O2 -fno-rtti -fno-exceptions -c conftest.c  conftest.c 1>&5
ltconfig:914: checking if gcc static flag -static works
ltconfig:915: gcc -o conftest -g -O2   -static conftest.c  1>&5
/usr/bin/ld: cannot find -lc
collect2: ld returned 1 exit status
GNU ld version 2.19.51.0.14-3.fc11 20090722
ltconfig:1507: checking if global_symbol_pipe works
ltconfig:1508: gcc -c -g -O2  conftest.c 1>&5
ltconfig:1511: eval "/usr/bin/nm -B conftest.o | sed -n -e 's/^.*[ 	]\([ABCDGISTW]\)[ 	][ 	]*\(\)\([_A-Za-z][_A-Za-z0-9]*\)$/\1 \2\3 \3/p' > conftest.nm"
ltconfig:1563: gcc -o conftest -g -O2 -fno-builtin   conftest.c conftstm.o 1>&5
configure:1476: checking for a BSD compatible install
configure:1529: checking whether make sets ${MAKE}
configure:1559: checking for gcc
configure:1672: checking whether the C compiler (gcc -g -O2 ) works
configure:1688: gcc -o conftest -g -O2   conftest.c  1>&5
configure:1714: checking whether the C compiler (gcc -g -O2 ) is a cross-compiler
configure:1719: checking whether we are using GNU C
configure:1747: checking whether gcc accepts -g
configure:1787: checking how to run the C preprocessor
configure:1867: checking for ANSI C header files
configure:1975: checking for assert.h
configure:1985: gcc -E  conftest.c >/dev/null 2>conftest.out
configure:1975: checking for errno.h
configure:1975: checking for unistd.h
configure:1975: checking for time.h
