This file contains any messages produced by compilers while
running configure, to aid debugging if configure makes a mistake.

It was created by Hello World configure 0.1, which was
generated by GNU Autoconf 2.65.  Invocation command line was

  $ ./configure --host=arm-linux

## --------- ##
## Platform. ##
## --------- ##

hostname = lifuxian-desktop
uname -m = i686
uname -r = 2.6.32-32-generic
uname -s = Linux
uname -v = #62-Ubuntu SMP Wed Apr 20 21:54:21 UTC 2011

/usr/bin/uname -p = unknown
/bin/uname -X     = unknown

/bin/arch              = unknown
/usr/bin/arch -k       = unknown
/usr/convex/getsysinfo = unknown
/usr/bin/hostinfo      = unknown
/bin/machine           = unknown
/usr/bin/oslevel       = unknown
/bin/universe          = unknown

PATH: /opt/cnstools/arm-linux-le-uclibc-gcc-4.3.3-2010.05/usr/bin
PATH: /usr/local/mysql/bin
PATH: /usr/local/mydns/bin
PATH: /usr/local/mydns/sbin
PATH: /usr/local/sbin
PATH: /usr/local/bin
PATH: /usr/sbin
PATH: /usr/bin
PATH: /sbin
PATH: /bin
PATH: /usr/games


## ----------- ##
## Core tests. ##
## ----------- ##

configure:1800: checking for a BSD-compatible install
configure:1868: result: /usr/bin/install -c
configure:1879: checking whether build environment is sane
configure:1929: result: yes
configure:1978: checking for arm-linux-strip
configure:1994: found /opt/cnstools/arm-linux-le-uclibc-gcc-4.3.3-2010.05/usr/bin/arm-linux-strip
configure:2005: result: arm-linux-strip
configure:2070: checking for a thread-safe mkdir -p
configure:2109: result: /bin/mkdir -p
configure:2122: checking for gawk
configure:2138: found /usr/bin/gawk
configure:2149: result: gawk
configure:2160: checking whether make sets $(MAKE)
configure:2182: result: yes
configure:2270: checking build system type
configure:2284: result: i686-pc-linux-gnu
configure:2304: checking host system type
configure:2317: result: arm-unknown-linux-gnu
configure:2347: checking for arm-linux-gcc
configure:2363: found /opt/cnstools/arm-linux-le-uclibc-gcc-4.3.3-2010.05/usr/bin/arm-linux-gcc
configure:2374: result: arm-linux-gcc
configure:2643: checking for C compiler version
configure:2652: arm-linux-gcc --version >&5
arm-linux-gcc (Buildroot 2010.05) 4.3.3
Copyright (C) 2008 Free Software Foundation, Inc.
This is free software; see the source for copying conditions.  There is NO
warranty; not even for MERCHANTABILITY or FITNESS FOR A PARTICULAR PURPOSE.

configure:2663: $? = 0
configure:2652: arm-linux-gcc -v >&5
Using built-in specs.
Target: arm-unknown-linux-uclibcgnueabi
Configured with: /home/1/buildroot-2010.05/buildroot-2010.05/output/toolchain/gcc-4.3.3/configure --prefix=/usr --build=i686-pc-linux-gnu --host=i686-pc-linux-gnu --target=arm-unknown-linux-uclibcgnueabi --enable-languages=c,c++ --with-sysroot=/opt/cnstools/arm-linux-le-uclibc-gcc-4.3.3-2010.05 --with-build-time-tools=/opt/cnstools/arm-linux-le-uclibc-gcc-4.3.3-2010.05/usr/arm-unknown-linux-uclibcgnueabi/bin --disable-__cxa_atexit --enable-target-optspace --with-gnu-ld --disable-libssp --enable-tls --enable-shared --with-gmp=/home/1/buildroot-2010.05/buildroot-2010.05/output/toolchain/gmp --with-mpfr=/home/1/buildroot-2010.05/buildroot-2010.05/output/toolchain/mpfr --enable-threads --disable-multilib --disable-decimal-float --with-abi=aapcs-linux --with-arch=armv6j --with-tune=arm1136jf-s --with-float=softfp --with-fpu=vfp --with-pkgversion='Buildroot 2010.05' --with-bugurl=http://bugs.buildroot.net/
Thread model: posix
gcc version 4.3.3 (Buildroot 2010.05) 
configure:2663: $? = 0
configure:2652: arm-linux-gcc -V >&5
arm-linux-gcc: '-V' option must have argument
configure:2663: $? = 1
configure:2652: arm-linux-gcc -qversion >&5
arm-linux-gcc: unrecognized option '-qversion'
arm-linux-gcc: no input files
configure:2663: $? = 1
configure:2683: checking whether the C compiler works
configure:2705: arm-linux-gcc    conftest.c  >&5
configure:2709: $? = 0
configure:2758: result: yes
configure:2761: checking for C compiler default output file name
configure:2763: result: a.out
configure:2769: checking for suffix of executables
configure:2776: arm-linux-gcc -o conftest    conftest.c  >&5
configure:2780: $? = 0
configure:2802: result: 
configure:2824: checking whether we are cross compiling
configure:2832: arm-linux-gcc -o conftest    conftest.c  >&5
configure:2836: $? = 0
configure:2843: ./conftest
./configure: line 2845: ./conftest: cannot execute binary file
configure:2847: $? = 126
configure:2862: result: yes
configure:2867: checking for suffix of object files
configure:2889: arm-linux-gcc -c   conftest.c >&5
configure:2893: $? = 0
configure:2914: result: o
configure:2918: checking whether we are using the GNU C compiler
configure:2937: arm-linux-gcc -c   conftest.c >&5
configure:2937: $? = 0
configure:2946: result: yes
configure:2955: checking whether arm-linux-gcc accepts -g
configure:2975: arm-linux-gcc -c -g  conftest.c >&5
configure:2975: $? = 0
configure:3016: result: yes
configure:3033: checking for arm-linux-gcc option to accept ISO C89
configure:3097: arm-linux-gcc  -c -g -O2  conftest.c >&5
configure:3097: $? = 0
configure:3110: result: none needed
configure:3141: checking for style of include used by make
configure:3169: result: GNU
configure:3194: checking dependency style of arm-linux-gcc
configure:3304: result: gcc3
configure:3447: creating ./config.status

## ---------------------- ##
## Running config.status. ##
## ---------------------- ##

This file was extended by Hello World config.status 0.1, which was
generated by GNU Autoconf 2.65.  Invocation command line was

  CONFIG_FILES    = 
  CONFIG_HEADERS  = 
  CONFIG_LINKS    = 
  CONFIG_COMMANDS = 
  $ ./config.status 

on lifuxian-desktop

config.status:846: creating Makefile
config.status:846: creating src/Makefile
config.status:846: creating config.h
config.status:1066: executing depfiles commands

## ---------------- ##
## Cache variables. ##
## ---------------- ##

ac_cv_build=i686-pc-linux-gnu
ac_cv_c_compiler_gnu=yes
ac_cv_env_CC_set=
ac_cv_env_CC_value=
ac_cv_env_CFLAGS_set=
ac_cv_env_CFLAGS_value=
ac_cv_env_CPPFLAGS_set=
ac_cv_env_CPPFLAGS_value=
ac_cv_env_LDFLAGS_set=
ac_cv_env_LDFLAGS_value=
ac_cv_env_LIBS_set=
ac_cv_env_LIBS_value=
ac_cv_env_build_alias_set=
ac_cv_env_build_alias_value=
ac_cv_env_host_alias_set=set
ac_cv_env_host_alias_value=arm-linux
ac_cv_env_target_alias_set=
ac_cv_env_target_alias_value=
ac_cv_host=arm-unknown-linux-gnu
ac_cv_objext=o
ac_cv_path_install='/usr/bin/install -c'
ac_cv_path_mkdir=/bin/mkdir
ac_cv_prog_AWK=gawk
ac_cv_prog_CC=arm-linux-gcc
ac_cv_prog_STRIP=arm-linux-strip
ac_cv_prog_cc_c89=
ac_cv_prog_cc_g=yes
ac_cv_prog_make_make_set=yes
am_cv_CC_dependencies_compiler_type=gcc3

## ----------------- ##
## Output variables. ##
## ----------------- ##

ACLOCAL='${SHELL} /home/lifuxian/src/Mystudy/autotool/helloword/missing --run aclocal-1.11'
AMDEPBACKSLASH='\'
AMDEP_FALSE='#'
AMDEP_TRUE=''
AMTAR='${SHELL} /home/lifuxian/src/Mystudy/autotool/helloword/missing --run tar'
AUTOCONF='${SHELL} /home/lifuxian/src/Mystudy/autotool/helloword/missing --run autoconf'
AUTOHEADER='${SHELL} /home/lifuxian/src/Mystudy/autotool/helloword/missing --run autoheader'
AUTOMAKE='${SHELL} /home/lifuxian/src/Mystudy/autotool/helloword/missing --run automake-1.11'
AWK='gawk'
CC='arm-linux-gcc'
CCDEPMODE='depmode=gcc3'
CFLAGS='-g -O2'
CPPFLAGS=''
CYGPATH_W='echo'
DEFS='-DHAVE_CONFIG_H'
DEPDIR='.deps'
ECHO_C=''
ECHO_N='-n'
ECHO_T=''
EXEEXT=''
INSTALL_DATA='${INSTALL} -m 644'
INSTALL_PROGRAM='${INSTALL}'
INSTALL_SCRIPT='${INSTALL}'
INSTALL_STRIP_PROGRAM='$(install_sh) -c -s'
LDFLAGS=''
LIBOBJS=''
LIBS=''
LTLIBOBJS=''
MAKEINFO='${SHELL} /home/lifuxian/src/Mystudy/autotool/helloword/missing --run makeinfo'
MKDIR_P='/bin/mkdir -p'
OBJEXT='o'
PACKAGE='hello'
PACKAGE_BUGREPORT='fuxian.li@feixun.com.cn'
PACKAGE_NAME='Hello World'
PACKAGE_STRING='Hello World 0.1'
PACKAGE_TARNAME='hello-world'
PACKAGE_URL=''
PACKAGE_VERSION='0.1'
PATH_SEPARATOR=':'
SET_MAKE=''
SHELL='/bin/bash'
STRIP='arm-linux-strip'
VERSION='0.1'
ac_ct_CC=''
am__EXEEXT_FALSE=''
am__EXEEXT_TRUE='#'
am__fastdepCC_FALSE='#'
am__fastdepCC_TRUE=''
am__include='include'
am__isrc=''
am__leading_dot='.'
am__quote=''
am__tar='${AMTAR} chof - "$$tardir"'
am__untar='${AMTAR} xf -'
bindir='${exec_prefix}/bin'
build='i686-pc-linux-gnu'
build_alias=''
build_cpu='i686'
build_os='linux-gnu'
build_vendor='pc'
datadir='${datarootdir}'
datarootdir='${prefix}/share'
docdir='${datarootdir}/doc/${PACKAGE_TARNAME}'
dvidir='${docdir}'
exec_prefix='${prefix}'
host='arm-unknown-linux-gnu'
host_alias='arm-linux'
host_cpu='arm'
host_os='linux-gnu'
host_vendor='unknown'
htmldir='${docdir}'
includedir='${prefix}/include'
infodir='${datarootdir}/info'
install_sh='${SHELL} /home/lifuxian/src/Mystudy/autotool/helloword/install-sh'
libdir='${exec_prefix}/lib'
libexecdir='${exec_prefix}/libexec'
localedir='${datarootdir}/locale'
localstatedir='${prefix}/var'
mandir='${datarootdir}/man'
mkdir_p='/bin/mkdir -p'
oldincludedir='/usr/include'
pdfdir='${docdir}'
prefix='/usr/local'
program_transform_name='s,x,x,'
psdir='${docdir}'
sbindir='${exec_prefix}/sbin'
sharedstatedir='${prefix}/com'
sysconfdir='${prefix}/etc'
target_alias=''

## ----------- ##
## confdefs.h. ##
## ----------- ##

/* confdefs.h */
#define PACKAGE_NAME "Hello World"
#define PACKAGE_TARNAME "hello-world"
#define PACKAGE_VERSION "0.1"
#define PACKAGE_STRING "Hello World 0.1"
#define PACKAGE_BUGREPORT "fuxian.li@feixun.com.cn"
#define PACKAGE_URL ""
#define PACKAGE "hello"
#define VERSION "0.1"

configure: exit 0
