This file contains any messages produced by compilers while
running configure, to aid debugging if configure makes a mistake.

configure:556: checking for a BSD compatible install
configure:609: checking whether build environment is sane
configure:666: checking whether make sets ${MAKE}
configure:712: checking for working aclocal
configure:725: checking for working autoconf
configure:738: checking for working automake
configure:751: checking for working autoheader
configure:764: checking for working makeinfo
configure:793: checking for a BSD compatible install
configure:849: checking for gcc
configure:962: checking whether the C compiler (gcc  ) works
configure:978: gcc -o conftest    conftest.c  1>&5
configure:1004: checking whether the C compiler (gcc  ) is a cross-compiler
configure:1009: checking whether we are using GNU C
configure:1018: gcc -E conftest.c
configure:1037: checking whether gcc accepts -g
configure:1077: checking whether make sets ${MAKE}
configure:1105: checking how to run the C preprocessor
configure:1126: gcc -E  conftest.c >/dev/null 2>conftest.out
configure:1185: checking for ANSI C header files
configure:1198: gcc -E  conftest.c >/dev/null 2>conftest.out
configure:1265: gcc -o conftest -g -O2   conftest.c  1>&5
configure: In function 'main':
configure:1260: warning: incompatible implicit declaration of built-in function 'exit'
configure:1292: checking for errno.h
configure:1302: gcc -E  conftest.c >/dev/null 2>conftest.out
configure:1292: checking for fcntl.h
configure:1302: gcc -E  conftest.c >/dev/null 2>conftest.out
configure:1292: checking for netinet/in.h
configure:1302: gcc -E  conftest.c >/dev/null 2>conftest.out
configure:1292: checking for signal.h
configure:1302: gcc -E  conftest.c >/dev/null 2>conftest.out
configure:1292: checking for sys/socket.h
configure:1302: gcc -E  conftest.c >/dev/null 2>conftest.out
configure:1292: checking for sys/time.h
configure:1302: gcc -E  conftest.c >/dev/null 2>conftest.out
configure:1292: checking for sys/types.h
configure:1302: gcc -E  conftest.c >/dev/null 2>conftest.out
configure:1292: checking for time.h
configure:1302: gcc -E  conftest.c >/dev/null 2>conftest.out
configure:1292: checking for unistd.h
configure:1302: gcc -E  conftest.c >/dev/null 2>conftest.out
configure:1334: checking for usleep
configure:1362: gcc -o conftest -g -O2   conftest.c  1>&5
configure:1334: checking for socket
configure:1362: gcc -o conftest -g -O2   conftest.c  1>&5
configure:1334: checking for bind
configure:1362: gcc -o conftest -g -O2   conftest.c  1>&5
configure:1334: checking for listen
configure:1362: gcc -o conftest -g -O2   conftest.c  1>&5
configure:1334: checking for accept
configure:1362: gcc -o conftest -g -O2   conftest.c  1>&5
configure:1334: checking for shutdown
configure:1362: gcc -o conftest -g -O2   conftest.c  1>&5
configure:1391: checking whether socklen_t exists
configure:1408: gcc -c -g -O2  conftest.c 1>&5
