This file contains any messages produced by compilers while
running configure, to aid debugging if configure makes a mistake.

It was created by configure, which was
generated by GNU Autoconf 2.63.  Invocation command line was

  $ ./configure 

## --------- ##
## Platform. ##
## --------- ##

hostname = localhost.localdomain
uname -m = i686
uname -r = 2.6.30.10-105.2.23.fc11.i686.PAE
uname -s = Linux
uname -v = #1 SMP Thu Feb 11 07:05:37 UTC 2010

/usr/bin/uname -p = unknown
/bin/uname -X     = unknown

/bin/arch              = i686
/usr/bin/arch -k       = unknown
/usr/convex/getsysinfo = unknown
/usr/bin/hostinfo      = unknown
/bin/machine           = unknown
/usr/bin/oslevel       = unknown
/bin/universe          = unknown

PATH: /opt/crosstool/gcc-3.4.5-glibc-2.3.6/arm-davinci-linux/bin
PATH: /usr/lib/qt-3.3/bin
PATH: /usr/kerberos/sbin
PATH: /usr/kerberos/bin
PATH: /usr/lib/ccache
PATH: /usr/local/sbin
PATH: /usr/local/bin
PATH: /sbin
PATH: /bin
PATH: /usr/sbin
PATH: /usr/bin
PATH: /root/bin


## ----------- ##
## Core tests. ##
## ----------- ##

configure:1776: checking for a BSD-compatible install
configure:1844: result: /usr/bin/install -c
configure:1855: checking whether build environment is sane
configure:1915: result: yes
configure:2056: checking for a thread-safe mkdir -p
configure:2095: result: /bin/mkdir -p
configure:2108: checking for gawk
configure:2124: found /bin/gawk
configure:2135: result: gawk
configure:2146: checking whether make sets $(MAKE)
configure:2168: result: yes
configure:2405: creating ./config.status

## ---------------------- ##
## Running config.status. ##
## ---------------------- ##

This file was extended by config.status, which was
generated by GNU Autoconf 2.63.  Invocation command line was

  CONFIG_FILES    = 
  CONFIG_HEADERS  = 
  CONFIG_LINKS    = 
  CONFIG_COMMANDS = 
  $ ./config.status 

on localhost.localdomain

config.status:661: creating Makefile
configure:3457: === configuring in unp (/root/study/autotool/network/sockopt/unp)
configure:3560: running /bin/sh ./configure --disable-option-checking '--prefix=/usr/local'  --cache-file=/dev/null --srcdir=.
configure:3565: error: ./configure failed for unp

## ---------------- ##
## Cache variables. ##
## ---------------- ##

ac_cv_env_build_alias_set=
ac_cv_env_build_alias_value=
ac_cv_env_host_alias_set=
ac_cv_env_host_alias_value=
ac_cv_env_target_alias_set=
ac_cv_env_target_alias_value=
ac_cv_path_install='/usr/bin/install -c'
ac_cv_path_mkdir=/bin/mkdir
ac_cv_prog_AWK=gawk
ac_cv_prog_make_make_set=yes

## ----------------- ##
## Output variables. ##
## ----------------- ##

ACLOCAL='${SHELL} /root/study/autotool/network/sockopt/missing --run aclocal-1.11'
AMTAR='${SHELL} /root/study/autotool/network/sockopt/missing --run tar'
AUTOCONF='${SHELL} /root/study/autotool/network/sockopt/missing --run autoconf'
AUTOHEADER='${SHELL} /root/study/autotool/network/sockopt/missing --run autoheader'
AUTOMAKE='${SHELL} /root/study/autotool/network/sockopt/missing --run automake-1.11'
AWK='gawk'
CYGPATH_W='echo'
DEFS='-DPACKAGE_NAME=\"\" -DPACKAGE_TARNAME=\"\" -DPACKAGE_VERSION=\"\" -DPACKAGE_STRING=\"\" -DPACKAGE_BUGREPORT=\"\" -DPACKAGE=\"sockopt\" -DVERSION=\"0.0.1\"'
ECHO_C=''
ECHO_N='-n'
ECHO_T=''
INSTALL_DATA='${INSTALL} -m 644'
INSTALL_PROGRAM='${INSTALL}'
INSTALL_SCRIPT='${INSTALL}'
INSTALL_STRIP_PROGRAM='$(install_sh) -c -s'
LIBOBJS=''
LIBS=''
LTLIBOBJS=''
MAKEINFO='${SHELL} /root/study/autotool/network/sockopt/missing --run makeinfo'
MKDIR_P='/bin/mkdir -p'
PACKAGE='sockopt'
PACKAGE_BUGREPORT=''
PACKAGE_NAME=''
PACKAGE_STRING=''
PACKAGE_TARNAME=''
PACKAGE_VERSION=''
PATH_SEPARATOR=':'
SET_MAKE=''
SHELL='/bin/sh'
STRIP=''
VERSION='0.0.1'
am__isrc=''
am__leading_dot='.'
am__tar='${AMTAR} chof - "$$tardir"'
am__untar='${AMTAR} xf -'
bindir='${exec_prefix}/bin'
build_alias=''
datadir='${datarootdir}'
datarootdir='${prefix}/share'
docdir='${datarootdir}/doc/${PACKAGE}'
dvidir='${docdir}'
exec_prefix='${prefix}'
host_alias=''
htmldir='${docdir}'
includedir='${prefix}/include'
infodir='${datarootdir}/info'
install_sh='${SHELL} /root/study/autotool/network/sockopt/install-sh'
libdir='${exec_prefix}/lib'
libexecdir='${exec_prefix}/libexec'
localedir='${datarootdir}/locale'
localstatedir='${prefix}/var'
mandir='${datarootdir}/man'
mkdir_p='/bin/mkdir -p'
oldincludedir='/usr/include'
pdfdir='${docdir}'
prefix='/usr/local'
program_transform_name='s,x,x,'
psdir='${docdir}'
sbindir='${exec_prefix}/sbin'
sharedstatedir='${prefix}/com'
subdirs=' unp'
sysconfdir='${prefix}/etc'
target_alias=''

configure: exit 1
